\o Program:		@(#)$CDS: cdsLibEditor version 6.1.8 - CAT37 09/24/2018 21:03 (ip-172-18-22-224) $
\o Sub version:		sub-version  p015 
\o Arguments:		-display localhost:13.0 -mpssession virtuoso254387 -mpshost dell01 -namespace CDBA -cdslib /home/vlsidesign/stud30/cds.lib 
\o Working Directory:	dell01:/home/vlsidesign/stud30
\o 64-bit offsets
\a nrSetWindowVisibility(cdsLibEditor "show")
\o Qt version: 		5.9.1
\a nrResizeWindow(cdsLibEditor list(0 0 500 400))
\a nrSetCurrentWindow(cdsLibEditor)
\a nrResizeWindow(cdsLibEditor list(164 187 500 400))
\a nrListItemAction(cdsLibEditor->mainTable 0 0)
\o Active cell: 0 0 "cdsDefTechLib"
\a cdsLibEditor->editAddLibButton->value = t
\a newLibraryDialog->filePathComboBox->value = "/home/vlsidesign/stud30"
\a newLibraryDialog->useMappedName->value = nil
\a nrSetWindowVisibility(newLibraryDialog "show")
\a nrSetCurrentWindow(newLibraryDialog)
\a nrResizeWindow(newLibraryDialog list(3 26 541 523))
\a nrSetCurrentWindow(newLibraryDialog)
\a newLibraryDialog->libraryName->value = "smic18"
\a newLibraryDialog->dirListWidget->value = "simulation"
\a newLibraryDialog->filePathComboBox->value = "/home/vlsidesign/stud30/simulation"
\a newLibraryDialog->dirListWidget->value = ".."
\a newLibraryDialog->filePathComboBox->value = "/home/vlsidesign/stud30/.."
\a newLibraryDialog->dirListWidget->value = nil
\a newLibraryDialog->filePathComboBox->value = "/home/vlsidesign/stud30"
\a nrListItemAction(newLibraryDialog->dirListWidget 0 0)
\a newLibraryDialog->filePathComboBox->value = "/home/vlsidesign"
\a newLibraryDialog->dirListWidget->value = "assistant1"
\a newLibraryDialog->filePathComboBox->value = "/home/vlsidesign/assistant1"
\a nrListItemAction(newLibraryDialog->dirListWidget 1 0)
\a newLibraryDialog->dirListWidget->value = nil
\a newLibraryDialog->dirListWidget->value = "SPDK18MMRF_1833_CDS_v2.0"
\a newLibraryDialog->filePathComboBox->value = "/home/vlsidesign/assistant1/SPDK18MMRF_1833_CDS_v2.0"
\a nrListItemAction(newLibraryDialog->dirListWidget 1 0)
\a newLibraryDialog->dirListWidget->value = nil
\a newLibraryDialog->dirListWidget->value = "smic18mmrf_1P6M_200709151808"
\a newLibraryDialog->filePathComboBox->value = "/home/vlsidesign/assistant1/SPDK18MMRF_1833_CDS_v2.0/smic18mmrf_1P6M_200709151808"
\a nrListItemAction(newLibraryDialog->dirListWidget 1 0)
\a newLibraryDialog->dirListWidget->value = nil
\a newLibraryDialog->dirListWidget->value = ".."
\a newLibraryDialog->filePathComboBox->value = "/home/vlsidesign/assistant1/SPDK18MMRF_1833_CDS_v2.0/smic18mmrf_1P6M_200709151808/.."
\a nrListItemAction(newLibraryDialog->dirListWidget 0 0)
\a newLibraryDialog->filePathComboBox->value = "/home/vlsidesign/assistant1/SPDK18MMRF_1833_CDS_v2.0"
\a newLibraryDialog->dirListWidget->value = nil
\a newLibraryDialog->dirListWidget->value = "smic18mmrf_1P6M_200709151808"
\a newLibraryDialog->filePathComboBox->value = "/home/vlsidesign/assistant1/SPDK18MMRF_1833_CDS_v2.0/smic18mmrf_1P6M_200709151808"
\a nrListItemAction(newLibraryDialog->dirListWidget 1 0)
\a newLibraryDialog->dirListWidget->value = nil
\a newLibraryDialog->dirListWidget->value = "assura_smic18mmrf_tech"
\a newLibraryDialog->filePathComboBox->value = "/home/vlsidesign/assistant1/SPDK18MMRF_1833_CDS_v2.0/smic18mmrf_1P6M_200709151808/assura_smic18mmrf_tech"
\a nrListItemAction(newLibraryDialog->dirListWidget 1 0)
\a newLibraryDialog->dirListWidget->value = nil
\a newLibraryDialog->dirListWidget->value = ".."
\a newLibraryDialog->filePathComboBox->value = "/home/vlsidesign/assistant1/SPDK18MMRF_1833_CDS_v2.0/smic18mmrf_1P6M_200709151808/assura_smic18mmrf_tech/.."
\a nrListItemAction(newLibraryDialog->dirListWidget 0 0)
\a newLibraryDialog->filePathComboBox->value = "/home/vlsidesign/assistant1/SPDK18MMRF_1833_CDS_v2.0/smic18mmrf_1P6M_200709151808"
\a newLibraryDialog->dirListWidget->value = nil
\a newLibraryDialog->libraryListBox->value = "smic18mmrf"
\a newLibraryDialog->useMappedName->value = t
\a newLibraryDialog->libraryName->value = "smic18mmrf"
\a newLibraryDialog->libraryListBox->value = "smic18"
\a newLibraryDialog->libraryName->value = "smic18"
\a newLibraryDialog->libraryListBox->value = "sealring"
\a newLibraryDialog->libraryName->value = "sealring"
\a newLibraryDialog->libraryListBox->value = "smic18"
\a newLibraryDialog->libraryName->value = "smic18"
\a newLibraryDialog->okButton->value = t
\a newLibraryDialog->libraryListBox->value = nil
\a newLibraryDialog->useMappedName->value = nil
\a newLibraryDialog->libraryName->value = ""
\a nrListItemAction(cdsLibEditor->mainTable 11 0)
\o Active cell: 11 0 ""
\a nrSetCurrentWindow(cdsLibEditor)
\a cdsLibEditor->editAddLibButton->value = t
\a newLibraryDialog->filePathComboBox->value = "/home/vlsidesign/stud30"
\a nrSetCurrentWindow(newLibraryDialog)
\a nrResizeWindow(newLibraryDialog list(6 52 551 533))
\a newLibraryDialog->dirListWidget->value = ".."
\a newLibraryDialog->filePathComboBox->value = "/home/vlsidesign/stud30/.."
\a nrListItemAction(newLibraryDialog->dirListWidget 0 0)
\a newLibraryDialog->filePathComboBox->value = "/home/vlsidesign"
\a newLibraryDialog->dirListWidget->value = nil
\a newLibraryDialog->dirListWidget->value = "assistant1"
\a newLibraryDialog->filePathComboBox->value = "/home/vlsidesign/assistant1"
\a nrListItemAction(newLibraryDialog->dirListWidget 1 0)
\a newLibraryDialog->dirListWidget->value = nil
\a newLibraryDialog->dirListWidget->value = "SPDK18MMRF_1833_CDS_v2.0"
\a newLibraryDialog->filePathComboBox->value = "/home/vlsidesign/assistant1/SPDK18MMRF_1833_CDS_v2.0"
\a nrListItemAction(newLibraryDialog->dirListWidget 1 0)
\a newLibraryDialog->dirListWidget->value = nil
\a newLibraryDialog->dirListWidget->value = "smic18mmrf_1P6M_200709151808"
\a newLibraryDialog->filePathComboBox->value = "/home/vlsidesign/assistant1/SPDK18MMRF_1833_CDS_v2.0/smic18mmrf_1P6M_200709151808"
\a nrListItemAction(newLibraryDialog->dirListWidget 1 0)
\a newLibraryDialog->dirListWidget->value = nil
\a newLibraryDialog->dirListWidget->value = "assura_smic18mmrf_tech"
\a newLibraryDialog->filePathComboBox->value = "/home/vlsidesign/assistant1/SPDK18MMRF_1833_CDS_v2.0/smic18mmrf_1P6M_200709151808/assura_smic18mmrf_tech"
\a nrListItemAction(newLibraryDialog->dirListWidget 1 0)
\a newLibraryDialog->dirListWidget->value = nil
\a newLibraryDialog->dirListWidget->value = ".."
\a newLibraryDialog->filePathComboBox->value = "/home/vlsidesign/assistant1/SPDK18MMRF_1833_CDS_v2.0/smic18mmrf_1P6M_200709151808/assura_smic18mmrf_tech/.."
\a nrListItemAction(newLibraryDialog->dirListWidget 0 0)
\a newLibraryDialog->filePathComboBox->value = "/home/vlsidesign/assistant1/SPDK18MMRF_1833_CDS_v2.0/smic18mmrf_1P6M_200709151808"
\a newLibraryDialog->dirListWidget->value = nil
\a newLibraryDialog->libraryListBox->value = "smic18mmrf"
\a newLibraryDialog->useMappedName->value = t
\a newLibraryDialog->libraryName->value = "smic18mmrf"
\a newLibraryDialog->okButton->value = t
\a nrListItemRename(cdsLibEditor->mainTable, 11 0 "smic18mmrf")
\a newLibraryDialog->libraryListBox->value = nil
\a newLibraryDialog->useMappedName->value = nil
\a newLibraryDialog->libraryName->value = ""
\a nrListItemAction(cdsLibEditor->mainTable 12 0)
\o Active cell: 12 0 ""
\a nrSetCurrentWindow(cdsLibEditor)
\a nrListItemAction(cdsLibEditor->mainTable 12 1)
\o Active cell: 12 1 ""
\o QUESTION (CLE-205): You have made changes which have not been saved. \n\nWould you like to save your changes? 
\a nrSetWindowVisibility(needSaveDialog "show")
\a nrResizeWindow(needSaveDialog list(220 279 369 136))
\a nrSetCurrentWindow(needSaveDialog)
\a nrResizeWindow(needSaveDialog list(228 310 369 136))
\a needSaveDialog->yesButton->value = t
\a exit(0)
