QXcbConnection: XCB error: 1 (BadRequest), sequence: 170, resource id: 90, major code: 146 (Unknown), minor code: 31
failed to get the primary output of the screen
QIODevice::write (QBuffer): device not open
matchFamilyName("sans") 
  Success: DejaVu Sans  (/usr/share/fonts/dejavu/DejaVuSans.ttf)
matchFamilyName("DejaVu Serif") 
  Success: DejaVu Serif  (/usr/share/fonts/dejavu/DejaVuSerif.ttf)
matchFamilyName("Arial") 
  Success: Liberation Sans  (/usr/share/fonts/liberation/LiberationSans-Regular.ttf)
matchFamilyName("Verdana") 
matchFamilyName("DejaVu Sans") 
  Success: DejaVu Sans  (/usr/share/fonts/dejavu/DejaVuSans.ttf)
matchFamilyName("Arial") 
  Success: Liberation Sans  (/usr/share/fonts/liberation/LiberationSans-Bold.ttf)
matchFamilyName("Verdana") 
matchFamilyName("Helvetica") 
matchFamilyName("Helvetica Neue") 
matchFamilyName("Helvetica") 
Server listening on port 6718
::1:41964 connected!
